[12-May-2021 07:38:26 Europe/London] PHP Notice:  Undefined index: username in D:\xampp7.2.24\htdocs\gcp\www\app\http\controllers\RegisterController.php on line 144
[15-Jul-2021 16:21:41 Europe/London] PHP Notice:  Undefined index: is_patient_have_any_disabilities in D:\xampp7.2.24\htdocs\gcp\www\app\http\models\User.php on line 168
[15-Jul-2021 16:21:41 Europe/London] PHP Notice:  Undefined index: disabilities_details in D:\xampp7.2.24\htdocs\gcp\www\app\http\models\User.php on line 168
[15-Jul-2021 16:21:41 Europe/London] PHP Notice:  Undefined index: special_requirements in D:\xampp7.2.24\htdocs\gcp\www\app\http\models\User.php on line 168
[15-Jul-2021 16:21:41 Europe/London] PHP Notice:  Undefined index: nhs_hospital_number in D:\xampp7.2.24\htdocs\gcp\www\app\http\models\User.php on line 169
[15-Jul-2021 16:21:41 Europe/London] PHP Notice:  Undefined index: policyholders_name in D:\xampp7.2.24\htdocs\gcp\www\app\http\models\User.php on line 170
[15-Jul-2021 16:21:41 Europe/London] PHP Notice:  Undefined index: medical_insurers_name in D:\xampp7.2.24\htdocs\gcp\www\app\http\models\User.php on line 170
[15-Jul-2021 16:21:41 Europe/London] PHP Notice:  Undefined index: membership_number in D:\xampp7.2.24\htdocs\gcp\www\app\http\models\User.php on line 170
[15-Jul-2021 16:21:41 Europe/London] PHP Notice:  Undefined index: scheme_name in D:\xampp7.2.24\htdocs\gcp\www\app\http\models\User.php on line 170
[15-Jul-2021 16:21:41 Europe/London] PHP Notice:  Undefined index: authorisation_number in D:\xampp7.2.24\htdocs\gcp\www\app\http\models\User.php on line 171
[15-Jul-2021 16:21:41 Europe/London] PHP Notice:  Undefined index: corporate_company_scheme in D:\xampp7.2.24\htdocs\gcp\www\app\http\models\User.php on line 171
[15-Jul-2021 16:21:41 Europe/London] PHP Notice:  Undefined index: employer in D:\xampp7.2.24\htdocs\gcp\www\app\http\models\User.php on line 171
[06-Aug-2021 10:55:32 Europe/London] PHP Notice:  Undefined variable: selected_page in D:\xampp7.2.24\htdocs\gcp\www\app\views\front\common\header.tpl.php on line 50
[06-Aug-2021 10:55:32 Europe/London] PHP Notice:  Undefined variable: selected_page in D:\xampp7.2.24\htdocs\gcp\www\app\views\front\common\header.tpl.php on line 58
[06-Oct-2021 08:22:25 Europe/London] PHP Notice:  Undefined variable: selected_page in D:\xampp7.2.24\htdocs\gcp\www\app\views\front\common\header.tpl.php on line 50
[06-Oct-2021 08:22:25 Europe/London] PHP Notice:  Undefined variable: selected_page in D:\xampp7.2.24\htdocs\gcp\www\app\views\front\common\header.tpl.php on line 58
[06-Oct-2021 08:35:53 Europe/London] PHP Notice:  Undefined variable: selected_page in D:\xampp7.2.24\htdocs\gcp\www\app\views\front\common\header.tpl.php on line 50
[06-Oct-2021 08:35:53 Europe/London] PHP Notice:  Undefined variable: selected_page in D:\xampp7.2.24\htdocs\gcp\www\app\views\front\common\header.tpl.php on line 58
[06-Oct-2021 08:47:57 Europe/London] PHP Notice:  Undefined variable: selected_page in D:\xampp7.2.24\htdocs\gcp\www\app\views\front\common\header.tpl.php on line 50
[06-Oct-2021 08:47:57 Europe/London] PHP Notice:  Undefined variable: selected_page in D:\xampp7.2.24\htdocs\gcp\www\app\views\front\common\header.tpl.php on line 58
[06-Oct-2021 08:48:07 Europe/London] PHP Notice:  Undefined variable: selected_page in D:\xampp7.2.24\htdocs\gcp\www\app\views\front\common\header.tpl.php on line 50
[06-Oct-2021 08:48:07 Europe/London] PHP Notice:  Undefined variable: selected_page in D:\xampp7.2.24\htdocs\gcp\www\app\views\front\common\header.tpl.php on line 58
[06-Oct-2021 08:48:28 Europe/London] PHP Notice:  Undefined variable: selected_page in D:\xampp7.2.24\htdocs\gcp\www\app\views\front\common\header.tpl.php on line 50
[06-Oct-2021 08:48:28 Europe/London] PHP Notice:  Undefined variable: selected_page in D:\xampp7.2.24\htdocs\gcp\www\app\views\front\common\header.tpl.php on line 58
[06-Oct-2021 08:48:35 Europe/London] PHP Notice:  Undefined variable: selected_page in D:\xampp7.2.24\htdocs\gcp\www\app\views\front\common\header.tpl.php on line 50
[06-Oct-2021 08:48:35 Europe/London] PHP Notice:  Undefined variable: selected_page in D:\xampp7.2.24\htdocs\gcp\www\app\views\front\common\header.tpl.php on line 58
[06-Oct-2021 08:54:39 Europe/London] PHP Notice:  Undefined variable: selected_page in D:\xampp7.2.24\htdocs\gcp\www\app\views\front\common\header.tpl.php on line 50
[06-Oct-2021 08:54:39 Europe/London] PHP Notice:  Undefined variable: selected_page in D:\xampp7.2.24\htdocs\gcp\www\app\views\front\common\header.tpl.php on line 58
[06-Oct-2021 08:54:59 Europe/London] PHP Notice:  Undefined variable: selected_page in D:\xampp7.2.24\htdocs\gcp\www\app\views\front\common\header.tpl.php on line 50
[06-Oct-2021 08:54:59 Europe/London] PHP Notice:  Undefined variable: selected_page in D:\xampp7.2.24\htdocs\gcp\www\app\views\front\common\header.tpl.php on line 58
[06-Oct-2021 08:55:01 Europe/London] PHP Notice:  Undefined variable: selected_page in D:\xampp7.2.24\htdocs\gcp\www\app\views\front\common\header.tpl.php on line 50
[06-Oct-2021 08:55:01 Europe/London] PHP Notice:  Undefined variable: selected_page in D:\xampp7.2.24\htdocs\gcp\www\app\views\front\common\header.tpl.php on line 58
[06-Oct-2021 08:55:02 Europe/London] PHP Notice:  Undefined variable: selected_page in D:\xampp7.2.24\htdocs\gcp\www\app\views\front\common\header.tpl.php on line 50
[06-Oct-2021 08:55:02 Europe/London] PHP Notice:  Undefined variable: selected_page in D:\xampp7.2.24\htdocs\gcp\www\app\views\front\common\header.tpl.php on line 58
[06-Oct-2021 08:55:02 Europe/London] PHP Notice:  Undefined variable: selected_page in D:\xampp7.2.24\htdocs\gcp\www\app\views\front\common\header.tpl.php on line 50
[06-Oct-2021 08:55:02 Europe/London] PHP Notice:  Undefined variable: selected_page in D:\xampp7.2.24\htdocs\gcp\www\app\views\front\common\header.tpl.php on line 58
[06-Oct-2021 08:55:03 Europe/London] PHP Notice:  Undefined variable: selected_page in D:\xampp7.2.24\htdocs\gcp\www\app\views\front\common\header.tpl.php on line 50
[06-Oct-2021 08:55:03 Europe/London] PHP Notice:  Undefined variable: selected_page in D:\xampp7.2.24\htdocs\gcp\www\app\views\front\common\header.tpl.php on line 58
[06-Oct-2021 08:55:03 Europe/London] PHP Notice:  Undefined variable: selected_page in D:\xampp7.2.24\htdocs\gcp\www\app\views\front\common\header.tpl.php on line 50
[06-Oct-2021 08:55:03 Europe/London] PHP Notice:  Undefined variable: selected_page in D:\xampp7.2.24\htdocs\gcp\www\app\views\front\common\header.tpl.php on line 58
[06-Oct-2021 08:57:24 Europe/London] PHP Notice:  Undefined variable: selected_page in D:\xampp7.2.24\htdocs\gcp\www\app\views\front\common\header.tpl.php on line 50
[06-Oct-2021 08:57:24 Europe/London] PHP Notice:  Undefined variable: selected_page in D:\xampp7.2.24\htdocs\gcp\www\app\views\front\common\header.tpl.php on line 58
[06-Oct-2021 09:00:56 Europe/London] PHP Notice:  Undefined variable: selected_page in D:\xampp7.2.24\htdocs\gcp\www\app\views\front\common\header.tpl.php on line 50
[06-Oct-2021 09:00:56 Europe/London] PHP Notice:  Undefined variable: selected_page in D:\xampp7.2.24\htdocs\gcp\www\app\views\front\common\header.tpl.php on line 58
